\BOOKMARK [1][-]{section.1}{Contextualizaci\363n del proyecto}{}% 1
\BOOKMARK [2][-]{subsubsection.1.0.1}{Los arboles geneal\363gicos}{section.1}% 2
\BOOKMARK [3][-]{subsubsection.1.0.2}{Uso y aplicaci\363n de los arboles geneal\363gicos.}{subsubsection.1.0.1}% 3
\BOOKMARK [2][-]{subsection.1.1}{Perspectiva general del software actual.}{section.1}% 4
\BOOKMARK [2][-]{subsection.1.2}{Tecnolog\355a}{section.1}% 5
\BOOKMARK [3][-]{subsubsection.1.2.1}{Bases de datos orientadas en grafos.}{subsection.1.2}% 6
\BOOKMARK [1][-]{section.2}{Metodolog\355a y rigor}{}% 7
\BOOKMARK [2][-]{subsection.2.1}{SCRUM}{section.2}% 8
\BOOKMARK [2][-]{subsection.2.2}{Desviaciones}{section.2}% 9
\BOOKMARK [1][-]{section.3}{Planificaci\363n}{}% 10
\BOOKMARK [2][-]{subsection.3.1}{Gantt}{section.3}% 11
\BOOKMARK [3][-]{subsubsection.3.1.1}{Tareas y Gr\341ficos gantt}{subsection.3.1}% 12
\BOOKMARK [2][-]{subsection.3.2}{Recursos}{section.3}% 13
\BOOKMARK [2][-]{subsection.3.3}{Alterativas y plan de acci\363n}{section.3}% 14
\BOOKMARK [1][-]{section.4}{An\341lisis de alternativas}{}% 15
\BOOKMARK [2][-]{subsection.4.1}{Tecnologias}{section.4}% 16
\BOOKMARK [3][-]{subsubsection.4.1.1}{Base de datos}{subsection.4.1}% 17
\BOOKMARK [3][-]{subsubsection.4.1.2}{Lenguaje de programaci\363n}{subsection.4.1}% 18
\BOOKMARK [1][-]{section.5}{Integraci\363n de conocimientos}{}% 19
\BOOKMARK [2][-]{subsection.5.1}{Base de datos orientada a grafos}{section.5}% 20
\BOOKMARK [2][-]{subsection.5.2}{Backend}{section.5}% 21
\BOOKMARK [2][-]{subsection.5.3}{Busqueda de personas similares}{section.5}% 22
\BOOKMARK [1][-]{section.6}{Integraci\363n de leyes y regulaciones}{}% 23
\BOOKMARK [2][-]{subsection.6.1}{Derecho de informaci\363n}{section.6}% 24
\BOOKMARK [2][-]{subsection.6.2}{Consentimiento del afectado}{section.6}% 25
